*** Starting uWSGI 2.0.18 (64bit) on [Fri Mar  6 13:22:16 2020] ***
compiled with version: 5.4.0 20160609 on 06 March 2020 03:13:44
os: Linux-4.4.0-93-generic #116-Ubuntu SMP Fri Aug 11 21:17:51 UTC 2017
nodename: iZoj2zuhlwko4aZ
machine: x86_64
clock source: unix
pcre jit disabled
detected number of CPU cores: 1
current working directory: /root/DriftingBooks/driftingbooks
writing pidfile to /var/run/uwsgi9090.pid    //pid文件，用于下面的脚本启动、停止该进程
open("/var/run/uwsgi9090.pid    //pid文件，用于下面的脚本启动、停止该进程"): No such file or directory [core/utils.c line 3616]
*** Starting uWSGI 2.0.18 (64bit) on [Fri Mar  6 13:24:54 2020] ***
compiled with version: 5.4.0 20160609 on 06 March 2020 03:13:44
os: Linux-4.4.0-93-generic #116-Ubuntu SMP Fri Aug 11 21:17:51 UTC 2017
nodename: iZoj2zuhlwko4aZ
machine: x86_64
clock source: unix
pcre jit disabled
detected number of CPU cores: 1
current working directory: /root/DriftingBooks/driftingbooks
writing pidfile to /var/run/uwsgi9090.pid    //pid文件，用于下面的脚本启动、停止该进程
open("/var/run/uwsgi9090.pid    //pid文件，用于下面的脚本启动、停止该进程"): No such file or directory [core/utils.c line 3616]
*** Starting uWSGI 2.0.18 (64bit) on [Fri Mar  6 13:26:12 2020] ***
compiled with version: 5.4.0 20160609 on 06 March 2020 03:13:44
os: Linux-4.4.0-93-generic #116-Ubuntu SMP Fri Aug 11 21:17:51 UTC 2017
nodename: iZoj2zuhlwko4aZ
machine: x86_64
clock source: unix
pcre jit disabled
detected number of CPU cores: 1
current working directory: /root/DriftingBooks/driftingbooks
writing pidfile to /var/run/uwsgi9090.pid    //pid文件，用于下面的脚本启动、停止该进程
open("/var/run/uwsgi9090.pid    //pid文件，用于下面的脚本启动、停止该进程"): No such file or directory [core/utils.c line 3616]
*** Starting uWSGI 2.0.18 (64bit) on [Fri Mar  6 13:27:50 2020] ***
compiled with version: 5.4.0 20160609 on 06 March 2020 03:13:44
os: Linux-4.4.0-93-generic #116-Ubuntu SMP Fri Aug 11 21:17:51 UTC 2017
nodename: iZoj2zuhlwko4aZ
machine: x86_64
clock source: unix
pcre jit disabled
detected number of CPU cores: 1
current working directory: /root/DriftingBooks/driftingbooks
writing pidfile to /var/run/uwsgi8081.pid    //pid文件，用于下面的脚本启动、停止该进程
open("/var/run/uwsgi8081.pid    //pid文件，用于下面的脚本启动、停止该进程"): No such file or directory [core/utils.c line 3616]
*** Starting uWSGI 2.0.18 (64bit) on [Fri Mar  6 13:29:28 2020] ***
compiled with version: 5.4.0 20160609 on 06 March 2020 03:13:44
os: Linux-4.4.0-93-generic #116-Ubuntu SMP Fri Aug 11 21:17:51 UTC 2017
nodename: iZoj2zuhlwko4aZ
machine: x86_64
clock source: unix
pcre jit disabled
detected number of CPU cores: 1
current working directory: /root/DriftingBooks/driftingbooks
writing pidfile to uwsgi.pid
detected binary path: /root/DriftingBooks/venv/bin/uwsgi
uWSGI running as root, you can use --uid/--gid/--chroot options
*** WARNING: you are running uWSGI as root !!! (use the --uid flag) *** 
chdir() to /root/DriftingBooks/driftingbooks
your processes number limit is 7857
your memory page size is 4096 bytes
detected max file descriptor number: 65535
lock engine: pthread robust mutexes
thunder lock: disabled (you can enable it with --thunder-lock)
uWSGI http bound on 127.0.0.1:8001 fd 4
uwsgi socket 0 bound to TCP address 127.0.0.1:36374 (port auto-assigned) fd 3
uWSGI running as root, you can use --uid/--gid/--chroot options
*** WARNING: you are running uWSGI as root !!! (use the --uid flag) *** 
Python version: 3.6.8 (default, Oct  9 2019, 14:04:01)  [GCC 5.4.0 20160609]
Python main interpreter initialized at 0x20ee070
uWSGI running as root, you can use --uid/--gid/--chroot options
*** WARNING: you are running uWSGI as root !!! (use the --uid flag) *** 
python threads support enabled
your server socket listen backlog is limited to 100 connections
your mercy for graceful operations on workers is 60 seconds
mapped 166752 bytes (162 KB) for 2 cores
*** Operational MODE: threaded ***
WSGI app 0 (mountpoint='') ready in 0 seconds on interpreter 0x20ee070 pid: 5891 (default app)
uWSGI running as root, you can use --uid/--gid/--chroot options
*** WARNING: you are running uWSGI as root !!! (use the --uid flag) *** 
*** uWSGI is running in multiple interpreter mode ***
spawned uWSGI master process (pid: 5891)
spawned uWSGI worker 1 (pid: 5893, cores: 2)
spawned uWSGI http 1 (pid: 5894)
*** Starting uWSGI 2.0.18 (64bit) on [Fri Mar  6 13:30:48 2020] ***
compiled with version: 5.4.0 20160609 on 06 March 2020 03:13:44
os: Linux-4.4.0-93-generic #116-Ubuntu SMP Fri Aug 11 21:17:51 UTC 2017
nodename: iZoj2zuhlwko4aZ
machine: x86_64
clock source: unix
pcre jit disabled
detected number of CPU cores: 1
current working directory: /root/DriftingBooks/driftingbooks
writing pidfile to uwsgi.pid
detected binary path: /root/DriftingBooks/venv/bin/uwsgi
uWSGI running as root, you can use --uid/--gid/--chroot options
*** WARNING: you are running uWSGI as root !!! (use the --uid flag) *** 
chdir() to /root/DriftingBooks/driftingbooks
your processes number limit is 7857
your memory page size is 4096 bytes
detected max file descriptor number: 65535
lock engine: pthread robust mutexes
thunder lock: disabled (you can enable it with --thunder-lock)
probably another instance of uWSGI is running on the same address (127.0.0.1:8001).
bind(): Address already in use [core/socket.c line 769]
